Removed Pin From Net: NetName=+5V Pin=R7-2
Removed Pin From Net: NetName=+5V Pin=R8-2
Removed Pin From Net: NetName=TXO Pin=U2-1
Removed Pin From Net: NetName=DTR Pin=U2-2
Removed Pin From Net: NetName=+5V Pin=U2-4
Removed Pin From Net: NetName=RXI Pin=U2-5
Removed Pin From Net: NetName=GND Pin=U2-7
Removed Pin From Net: NetName=GND Pin=U2-11
Removed Pin From Net: NetName=NetC7_1 Pin=U2-17
Removed Pin From Net: NetName=GND Pin=U2-18
Removed Pin From Net: NetName=+5V Pin=U2-20
Removed Pin From Net: NetName=GND Pin=U2-21
Removed Pin From Net: NetName=GND Pin=U2-25
Removed Pin From Net: NetName=GND Pin=U2-26
Removed Member From Class: ClassName=FTDI Member=D2
Removed Member From Class: ClassName=FTDI Member=D3
Removed Member From Class: ClassName=FTDI Member=R7
Removed Member From Class: ClassName=FTDI Member=R8
Change Component Footprint: Designator=U2 Old Footprint=FTDI-SSOP-28_M New Footprint=SOIC127P600X180-16N
Change Component Comment : Designator=U2 Old Comment=FT232RL New Comment=CH340G
Change Managed Component Library Link : Designator=U2 Old VaultGUID=B7D15EC3-160A-466F-A46C-7801FE6295A7 New VaultGUID= Old ItemGUID=ABF7551B-F3F2-459B-BE3F-B77BBBDA8EE7 New ItemGUID= Old RevisionGUID=10B7852A-792F-40C1-A510-A4F14D46B1BB New RevisionGUID=
Change component parameters: Designator = "U2" ("U2"); Footprint = "FTDI-SSOP-28_M"; UniqueID = "\JQGSXBAU\BGGFAYGZ" ("\JQGSXBAU\BGGFAYGZ")
Change component parameters (AddParameter): Name = "Availability"; Value = "Not in stock"; VariantName = "[No Variations]"
Change component parameters (AddParameter): Name = "Check_prices"; Value = "https://www.snapeda.com/parts/Ch340G/WCH/view-part/?ref=eda"; VariantName = "[No Variations]"
Change component parameters (AddParameter): Name = "MF"; Value = "WCH"; VariantName = "[No Variations]"
Change component parameters (AddParameter): Name = "MP"; Value = "Ch340G"; VariantName = "[No Variations]"
Change component parameters (AddParameter): Name = "Package"; Value = "None"; VariantName = "[No Variations]"
Change component parameters (AddParameter): Name = "Price"; Value = "None"; VariantName = "[No Variations]"
Change component parameters (AddParameter): Name = "SnapEDA_Link"; Value = "https://www.snapeda.com/parts/Ch340G/WCH/view-part/?ref=snap"; VariantName = "[No Variations]"
Change component parameters (AddParameter): Name = "Value"; Value = ""; VariantName = "[No Variations]"
Added Component: Designator=C8(FP-GRM31M-0_15-IPC_A)
Add component (AddParameter): Name = "Capacitance"; Value = "22pF"; VariantName = "[No Variations]"
Add component (AddParameter): Name = "Case Code (Imperial)"; Value = "1206"; VariantName = "[No Variations]"
Add component (AddParameter): Name = "Case Code (Metric)"; Value = "3216"; VariantName = "[No Variations]"
Add component (AddParameter): Name = "Case/Package"; Value = "1206"; VariantName = "[No Variations]"
Add component (AddParameter): Name = "Depth"; Value = "1.6mm"; VariantName = "[No Variations]"
Add component (AddParameter): Name = "Dielectric Material"; Value = "Ceramic"; VariantName = "[No Variations]"
Add component (AddParameter): Name = "Dissipation Factor"; Value = "0.025%"; VariantName = "[No Variations]"
Add component (AddParameter): Name = "Height"; Value = "1.15mm"; VariantName = "[No Variations]"
Add component (AddParameter): Name = "Length"; Value = "0.126inch"; VariantName = "[No Variations]"
Add component (AddParameter): Name = "Max Operating Temperature"; Value = "125°C"; VariantName = "[No Variations]"
Add component (AddParameter): Name = "Min Operating Temperature"; Value = "-55°C"; VariantName = "[No Variations]"
Add component (AddParameter): Name = "Mount"; Value = "Surface Mount"; VariantName = "[No Variations]"
Add component (AddParameter): Name = "Packaging"; Value = "Tape and Reel"; VariantName = "[No Variations]"
Add component (AddParameter): Name = "Temperature Coefficient"; Value = "-1000ppm/°C"; VariantName = "[No Variations]"
Add component (AddParameter): Name = "Termination"; Value = "SMD/SMT"; VariantName = "[No Variations]"
Add component (AddParameter): Name = "Thickness"; Value = "0.049inch"; VariantName = "[No Variations]"
Add component (AddParameter): Name = "Tolerance"; Value = "5%"; VariantName = "[No Variations]"
Add component (AddParameter): Name = "Voltage"; Value = "50V"; VariantName = "[No Variations]"
Add component (AddParameter): Name = "Voltage Rating"; Value = "50V"; VariantName = "[No Variations]"
Add component (AddParameter): Name = "Voltage Rating (DC)"; Value = "50V"; VariantName = "[No Variations]"
Add component (AddParameter): Name = "Width"; Value = "0.063inch"; VariantName = "[No Variations]"
Added Component: Designator=C9(FP-GRM31M-0_15-IPC_A)
Add component (AddParameter): Name = "Capacitance"; Value = "22pF"; VariantName = "[No Variations]"
Add component (AddParameter): Name = "Case Code (Imperial)"; Value = "1206"; VariantName = "[No Variations]"
Add component (AddParameter): Name = "Case Code (Metric)"; Value = "3216"; VariantName = "[No Variations]"
Add component (AddParameter): Name = "Case/Package"; Value = "1206"; VariantName = "[No Variations]"
Add component (AddParameter): Name = "Depth"; Value = "1.6mm"; VariantName = "[No Variations]"
Add component (AddParameter): Name = "Dielectric Material"; Value = "Ceramic"; VariantName = "[No Variations]"
Add component (AddParameter): Name = "Dissipation Factor"; Value = "0.025%"; VariantName = "[No Variations]"
Add component (AddParameter): Name = "Height"; Value = "1.15mm"; VariantName = "[No Variations]"
Add component (AddParameter): Name = "Length"; Value = "0.126inch"; VariantName = "[No Variations]"
Add component (AddParameter): Name = "Max Operating Temperature"; Value = "125°C"; VariantName = "[No Variations]"
Add component (AddParameter): Name = "Min Operating Temperature"; Value = "-55°C"; VariantName = "[No Variations]"
Add component (AddParameter): Name = "Mount"; Value = "Surface Mount"; VariantName = "[No Variations]"
Add component (AddParameter): Name = "Packaging"; Value = "Tape and Reel"; VariantName = "[No Variations]"
Add component (AddParameter): Name = "Temperature Coefficient"; Value = "-1000ppm/°C"; VariantName = "[No Variations]"
Add component (AddParameter): Name = "Termination"; Value = "SMD/SMT"; VariantName = "[No Variations]"
Add component (AddParameter): Name = "Thickness"; Value = "0.049inch"; VariantName = "[No Variations]"
Add component (AddParameter): Name = "Tolerance"; Value = "5%"; VariantName = "[No Variations]"
Add component (AddParameter): Name = "Voltage"; Value = "50V"; VariantName = "[No Variations]"
Add component (AddParameter): Name = "Voltage Rating"; Value = "50V"; VariantName = "[No Variations]"
Add component (AddParameter): Name = "Voltage Rating (DC)"; Value = "50V"; VariantName = "[No Variations]"
Add component (AddParameter): Name = "Width"; Value = "0.063inch"; VariantName = "[No Variations]"
Added Component: Designator=Y2(FOX-FOXSLF-2_V)
Add component (AddParameter): Name = "Case\Package"; Value = "TO-251-3"; VariantName = "[No Variations]"
Add component (AddParameter): Name = "ComponentLink1Description"; Value = "Manufacturer URL"; VariantName = "[No Variations]"
Add component (AddParameter): Name = "ComponentLink1URL"; Value = "http://www.foxonline.com/"; VariantName = "[No Variations]"
Add component (AddParameter): Name = "ComponentLink2Description"; Value = "Datasheet"; VariantName = "[No Variations]"
Add component (AddParameter): Name = "ComponentLink2URL"; Value = "http://www.foxonline.com/pdfs/hc49slf.pdf"; VariantName = "[No Variations]"
Add component (AddParameter): Name = "DatasheetVersion"; Value = "Mar-15"; VariantName = "[No Variations]"
Add component (AddParameter): Name = "Elements"; Value = "1"; VariantName = "[No Variations]"
Add component (AddParameter): Name = "Height"; Value = "6.1 mm"; VariantName = "[No Variations]"
Add component (AddParameter): Name = "Input Capacitance"; Value = "350 pF"; VariantName = "[No Variations]"
Add component (AddParameter): Name = "Length"; Value = "6.6 mm"; VariantName = "[No Variations]"
Add component (AddParameter): Name = "Max Operating Temperature"; Value = "150 degC"; VariantName = "[No Variations]"
Add component (AddParameter): Name = "Max Power Dissipation"; Value = "2.5 W"; VariantName = "[No Variations]"
Add component (AddParameter): Name = "Min Operating Temperature"; Value = "-55 degC"; VariantName = "[No Variations]"
Add component (AddParameter): Name = "Mount"; Value = "Through Hole"; VariantName = "[No Variations]"
Add component (AddParameter): Name = "Package Quantity"; Value = "70"; VariantName = "[No Variations]"
Add component (AddParameter): Name = "PackageDescription"; Value = "2-Pin Through Hole Device, Body 11.35 x 4.65 mm, Pitch 4.88 mm"; VariantName = "[No Variations]"
Add component (AddParameter): Name = "PackageReference"; Value = "FOXSLF-2"; VariantName = "[No Variations]"
Add component (AddParameter): Name = "Packaging"; Value = "Rail/Tube"; VariantName = "[No Variations]"
Add component (AddParameter): Name = "Pins"; Value = "3"; VariantName = "[No Variations]"
Add component (AddParameter): Name = "Radiation Hardening"; Value = "No"; VariantName = "[No Variations]"
Add component (AddParameter): Name = "Rds On Max"; Value = "115 mohm"; VariantName = "[No Variations]"
Add component (AddParameter): Name = "REACH SVHC"; Value = "No SVHC"; VariantName = "[No Variations]"
Add component (AddParameter): Name = "RoHSCompliant"; Value = "true"; VariantName = "[No Variations]"
Add component (AddParameter): Name = "Typical Rise Time"; Value = "90 ns"; VariantName = "[No Variations]"
Add component (AddParameter): Name = "Value"; Value = "12MHz"; VariantName = "[No Variations]"
Add component (AddParameter): Name = "Width"; Value = "2.3 mm"; VariantName = "[No Variations]"
Added Pin To Net: NetName=GND Pin=C8-2
Added Pin To Net: NetName=GND Pin=C9-2
Added Pin To Net: NetName=GND Pin=U2-1
Added Pin To Net: NetName=TXO Pin=U2-2
Added Pin To Net: NetName=RXI Pin=U2-3
Added Pin To Net: NetName=NetC7_1 Pin=U2-4
Added Pin To Net: NetName=GND Pin=U2-9
Added Pin To Net: NetName=DTR Pin=U2-13
Added Pin To Net: NetName=+5V Pin=U2-16
Added Pin To Net: NetName=D+ Pin=J5-3
Added Pin To Net: NetName=D+ Pin=U2-5
Added Net: Name=D+
Added Pin To Net: NetName=D- Pin=J5-2
Added Pin To Net: NetName=D- Pin=U2-6
Added Net: Name=D-
Added Pin To Net: NetName=NetC8_1 Pin=C8-1
Added Pin To Net: NetName=NetC8_1 Pin=U2-7
Added Pin To Net: NetName=NetC8_1 Pin=Y2-1
Added Net: Name=NetC8_1
Added Pin To Net: NetName=NetC9_1 Pin=C9-1
Added Pin To Net: NetName=NetC9_1 Pin=U2-8
Added Pin To Net: NetName=NetC9_1 Pin=Y2-2
Added Net: Name=NetC9_1
Change Class Name : Old Net Name=FTDI New Net Name=CH340
Added Member To Class: ClassName=CH340 Member=Component C8 GRM31M1X1H104JA01L
Added Member To Class: ClassName=CH340 Member=Component C9 GRM31M1X1H104JA01L
Added Member To Class: ClassName=CH340 Member=Component Y2 FOXSLF/120-20
