Removed Pin From Net: NetName=CTS Pin=C5-1
Removed Pin From Net: NetName=CTS Pin=C6-2
Removed Pin From Net: NetName=CTS Pin=C7-2
Removed Pin From Net: NetName=CTS Pin=D4-1
Removed Pin From Net: NetName=CTS Pin=J5-4
Removed Pin From Net: NetName=CTS Pin=J5-Shell
Removed Pin From Net: NetName=CTS Pin=J5-Shell
Removed Pin From Net: NetName=CTS Pin=J6-2
Removed Pin From Net: NetName=CTS Pin=J7-6
Removed Pin From Net: NetName=CTS Pin=U2-7
Removed Pin From Net: NetName=CTS Pin=U2-18
Removed Pin From Net: NetName=CTS Pin=U2-21
Removed Pin From Net: NetName=CTS Pin=U2-25
Removed Pin From Net: NetName=CTS Pin=U2-26
Added Pin To Net: NetName=GND Pin=C5-1
Added Pin To Net: NetName=GND Pin=C6-2
Added Pin To Net: NetName=GND Pin=C7-2
Added Pin To Net: NetName=GND Pin=D4-1
Added Pin To Net: NetName=GND Pin=J5-4
Added Pin To Net: NetName=GND Pin=J5-Shell
Added Pin To Net: NetName=GND Pin=J5-Shell
Added Pin To Net: NetName=GND Pin=J6-2
Added Pin To Net: NetName=GND Pin=J7-6
Added Pin To Net: NetName=GND Pin=U2-7
Added Pin To Net: NetName=GND Pin=U2-18
Added Pin To Net: NetName=GND Pin=U2-21
Added Pin To Net: NetName=GND Pin=U2-25
Added Pin To Net: NetName=GND Pin=U2-26
Added Net: Name=GND
