Removed Pin From Net: NetName=+5V Pin=C2-1
Removed Pin From Net: NetName=+5V Pin=C5-2
Removed Pin From Net: NetName=+5V Pin=C6-1
Removed Pin From Net: NetName=+5V Pin=J2-2
Removed Pin From Net: NetName=+5V Pin=J5-1
Removed Pin From Net: NetName=+5V Pin=J5-3
Removed Pin From Net: NetName=+5V Pin=R1-2
Removed Pin From Net: NetName=+5V Pin=R2-2
Removed Pin From Net: NetName=+5V Pin=R3-2
Removed Pin From Net: NetName=+5V Pin=R7-2
Removed Pin From Net: NetName=+5V Pin=R8-2
Removed Pin From Net: NetName=+5V Pin=R9-2
Removed Pin From Net: NetName=+5V Pin=R10-2
Removed Pin From Net: NetName=+5V Pin=U1-4
Removed Pin From Net: NetName=+5V Pin=U1-6
Removed Pin From Net: NetName=+5V Pin=U1-18
Removed Pin From Net: NetName=+5V Pin=U2-4
Removed Pin From Net: NetName=+5V Pin=U2-15
Removed Pin From Net: NetName=+5V Pin=U2-20
Change Net Name : Old Net Name=+5V New Net Name=GND
Added Pin To Net: NetName=+5V Pin=C2-1
Added Pin To Net: NetName=+5V Pin=C5-2
Added Pin To Net: NetName=+5V Pin=C6-1
Added Pin To Net: NetName=+5V Pin=J2-2
Added Pin To Net: NetName=+5V Pin=J5-1
Added Pin To Net: NetName=+5V Pin=R1-2
Added Pin To Net: NetName=+5V Pin=R2-2
Added Pin To Net: NetName=+5V Pin=R3-2
Added Pin To Net: NetName=+5V Pin=R7-2
Added Pin To Net: NetName=+5V Pin=R8-2
Added Pin To Net: NetName=+5V Pin=R9-2
Added Pin To Net: NetName=+5V Pin=R10-2
Added Pin To Net: NetName=+5V Pin=U1-4
Added Pin To Net: NetName=+5V Pin=U1-6
Added Pin To Net: NetName=+5V Pin=U1-18
Added Pin To Net: NetName=+5V Pin=U2-4
Added Pin To Net: NetName=+5V Pin=U2-20
Added Net: Name=+5V
Added Pin To Net: NetName=NetJ5_3 Pin=J5-3
Added Pin To Net: NetName=NetJ5_3 Pin=U2-15
Added Net: Name=NetJ5_3
